2022-02-26 14:32:28.731 | ERROR    | iati.activity:is_strict:78 - Activity FI-3-2020-2020201403 is_strict call failed!
Traceback (most recent call last):

  File "/home/runner/work/hdx-scraper-iati-viz/hdx-scraper-iati-viz/run.py", line 103, in <module>
    facade(
    └ <function facade at 0x7f44d253db40>

  File "/opt/hostedtoolcache/Python/3.10.2/x64/lib/python3.10/site-packages/hdx/facades/keyword_arguments.py", line 37, in facade
    projectmainfn(**kwargs)
    │               └ {'hdx_read_only': True, 'user_agent': 'hdx-scraper-iati-viz', 'preprefix': None, 'hdx_site': 'prod', 'project_config_yaml': '...
    └ <function main at 0x7f44d0126e60>

  File "/home/runner/work/hdx-scraper-iati-viz/hdx-scraper-iati-viz/run.py", line 79, in main
    start(
    └ <function start at 0x7f44d0126d40>

  File "/home/runner/work/hdx-scraper-iati-viz/hdx-scraper-iati-viz/iati/main.py", line 117, in start
    activity, skipped = Activity.get_activity(configuration, dactivity)
    │                   │        │            │              └ <diterator.wrappers.Activity object at 0x7f44a56ab820>
    │                   │        │            └ ordereddict([('hdx_prod_site', ordereddict([('url', 'https://data.humdata.org')])), ('hdx_demo_site', ordereddict([('url', 'h...
    │                   │        └ <staticmethod(<function Activity.get_activity at 0x7f44d01268c0>)>
    │                   └ <class 'iati.activity.Activity'>
    └ <iati.activity.Activity object at 0x7f44d3dbff70>

  File "/home/runner/work/hdx-scraper-iati-viz/hdx-scraper-iati-viz/iati/activity.py", line 59, in get_activity
    activity = Activity(dactivity)
               │        └ <diterator.wrappers.Activity object at 0x7f44a56ab820>
               └ <class 'iati.activity.Activity'>

  File "/home/runner/work/hdx-scraper-iati-viz/hdx-scraper-iati-viz/iati/activity.py", line 19, in __init__
    self.strict = self.is_strict()
    │             │    └ <function Activity.is_strict at 0x7f44d0126950>
    │             └ <iati.activity.Activity object at 0x7f44cf063fa0>
    └ <iati.activity.Activity object at 0x7f44cf063fa0>

> File "/home/runner/work/hdx-scraper-iati-viz/hdx-scraper-iati-viz/iati/activity.py", line 69, in is_strict
    or Lookups.checks.has_desired_tag(self.dactivity.tags)
       │       │      │               │    │         └ <property object at 0x7f44d25718f0>
       │       │      │               │    └ <diterator.wrappers.Activity object at 0x7f44a56ab820>
       │       │      │               └ <iati.activity.Activity object at 0x7f44cf063fa0>
       │       │      └ <staticmethod(<function CovidChecks.has_desired_tag at 0x7f44d253fd90>)>
       │       └ <class 'iati.covid_checks.CovidChecks'>
       └ <class 'iati.lookups.Lookups'>

  File "/home/runner/work/hdx-scraper-iati-viz/hdx-scraper-iati-viz/iati/covid_checks.py", line 24, in has_desired_tag
    if tag.vocabulary == "99" and tag.code.upper() == "COVID-19":
       │   │                      │   └ <property object at 0x7f44d2572b60>
       │   │                      └ <diterator.wrappers.CodedItem object at 0x7f44cf0916c0>
       │   └ <property object at 0x7f44d2572bb0>
       └ <diterator.wrappers.CodedItem object at 0x7f44cf0916c0>

AttributeError: 'NoneType' object has no attribute 'upper'
2022-02-26 14:32:28.788 | ERROR    | iati.activity:is_strict:78 - Activity FI-3-2020-2020201234 is_strict call failed!
Traceback (most recent call last):

  File "/home/runner/work/hdx-scraper-iati-viz/hdx-scraper-iati-viz/run.py", line 103, in <module>
    facade(
    └ <function facade at 0x7f44d253db40>

  File "/opt/hostedtoolcache/Python/3.10.2/x64/lib/python3.10/site-packages/hdx/facades/keyword_arguments.py", line 37, in facade
    projectmainfn(**kwargs)
    │               └ {'hdx_read_only': True, 'user_agent': 'hdx-scraper-iati-viz', 'preprefix': None, 'hdx_site': 'prod', 'project_config_yaml': '...
    └ <function main at 0x7f44d0126e60>

  File "/home/runner/work/hdx-scraper-iati-viz/hdx-scraper-iati-viz/run.py", line 79, in main
    start(
    └ <function start at 0x7f44d0126d40>

  File "/home/runner/work/hdx-scraper-iati-viz/hdx-scraper-iati-viz/iati/main.py", line 117, in start
    activity, skipped = Activity.get_activity(configuration, dactivity)
    │                   │        │            │              └ <diterator.wrappers.Activity object at 0x7f44a56ab700>
    │                   │        │            └ ordereddict([('hdx_prod_site', ordereddict([('url', 'https://data.humdata.org')])), ('hdx_demo_site', ordereddict([('url', 'h...
    │                   │        └ <staticmethod(<function Activity.get_activity at 0x7f44d01268c0>)>
    │                   └ <class 'iati.activity.Activity'>
    └ <iati.activity.Activity object at 0x7f44cf063fa0>

  File "/home/runner/work/hdx-scraper-iati-viz/hdx-scraper-iati-viz/iati/activity.py", line 59, in get_activity
    activity = Activity(dactivity)
               │        └ <diterator.wrappers.Activity object at 0x7f44a56ab700>
               └ <class 'iati.activity.Activity'>

  File "/home/runner/work/hdx-scraper-iati-viz/hdx-scraper-iati-viz/iati/activity.py", line 19, in __init__
    self.strict = self.is_strict()
    │             │    └ <function Activity.is_strict at 0x7f44d0126950>
    │             └ <iati.activity.Activity object at 0x7f42e95c9b40>
    └ <iati.activity.Activity object at 0x7f42e95c9b40>

> File "/home/runner/work/hdx-scraper-iati-viz/hdx-scraper-iati-viz/iati/activity.py", line 69, in is_strict
    or Lookups.checks.has_desired_tag(self.dactivity.tags)
       │       │      │               │    │         └ <property object at 0x7f44d25718f0>
       │       │      │               │    └ <diterator.wrappers.Activity object at 0x7f44a56ab700>
       │       │      │               └ <iati.activity.Activity object at 0x7f42e95c9b40>
       │       │      └ <staticmethod(<function CovidChecks.has_desired_tag at 0x7f44d253fd90>)>
       │       └ <class 'iati.covid_checks.CovidChecks'>
       └ <class 'iati.lookups.Lookups'>

  File "/home/runner/work/hdx-scraper-iati-viz/hdx-scraper-iati-viz/iati/covid_checks.py", line 24, in has_desired_tag
    if tag.vocabulary == "99" and tag.code.upper() == "COVID-19":
       │   │                      │   └ <property object at 0x7f44d2572b60>
       │   │                      └ <diterator.wrappers.CodedItem object at 0x7f42e95c9780>
       │   └ <property object at 0x7f44d2572bb0>
       └ <diterator.wrappers.CodedItem object at 0x7f42e95c9780>

AttributeError: 'NoneType' object has no attribute 'upper'
2022-02-26 14:32:28.796 | ERROR    | iati.activity:is_strict:78 - Activity FI-3-2020-2020201168 is_strict call failed!
Traceback (most recent call last):

  File "/home/runner/work/hdx-scraper-iati-viz/hdx-scraper-iati-viz/run.py", line 103, in <module>
    facade(
    └ <function facade at 0x7f44d253db40>

  File "/opt/hostedtoolcache/Python/3.10.2/x64/lib/python3.10/site-packages/hdx/facades/keyword_arguments.py", line 37, in facade
    projectmainfn(**kwargs)
    │               └ {'hdx_read_only': True, 'user_agent': 'hdx-scraper-iati-viz', 'preprefix': None, 'hdx_site': 'prod', 'project_config_yaml': '...
    └ <function main at 0x7f44d0126e60>

  File "/home/runner/work/hdx-scraper-iati-viz/hdx-scraper-iati-viz/run.py", line 79, in main
    start(
    └ <function start at 0x7f44d0126d40>

  File "/home/runner/work/hdx-scraper-iati-viz/hdx-scraper-iati-viz/iati/main.py", line 117, in start
    activity, skipped = Activity.get_activity(configuration, dactivity)
    │                   │        │            │              └ <diterator.wrappers.Activity object at 0x7f44a56ab6a0>
    │                   │        │            └ ordereddict([('hdx_prod_site', ordereddict([('url', 'https://data.humdata.org')])), ('hdx_demo_site', ordereddict([('url', 'h...
    │                   │        └ <staticmethod(<function Activity.get_activity at 0x7f44d01268c0>)>
    │                   └ <class 'iati.activity.Activity'>
    └ <iati.activity.Activity object at 0x7f42e95c9b40>

  File "/home/runner/work/hdx-scraper-iati-viz/hdx-scraper-iati-viz/iati/activity.py", line 59, in get_activity
    activity = Activity(dactivity)
               │        └ <diterator.wrappers.Activity object at 0x7f44a56ab6a0>
               └ <class 'iati.activity.Activity'>

  File "/home/runner/work/hdx-scraper-iati-viz/hdx-scraper-iati-viz/iati/activity.py", line 19, in __init__
    self.strict = self.is_strict()
    │             │    └ <function Activity.is_strict at 0x7f44d0126950>
    │             └ <iati.activity.Activity object at 0x7f44d3dbff70>
    └ <iati.activity.Activity object at 0x7f44d3dbff70>

> File "/home/runner/work/hdx-scraper-iati-viz/hdx-scraper-iati-viz/iati/activity.py", line 69, in is_strict
    or Lookups.checks.has_desired_tag(self.dactivity.tags)
       │       │      │               │    │         └ <property object at 0x7f44d25718f0>
       │       │      │               │    └ <diterator.wrappers.Activity object at 0x7f44a56ab6a0>
       │       │      │               └ <iati.activity.Activity object at 0x7f44d3dbff70>
       │       │      └ <staticmethod(<function CovidChecks.has_desired_tag at 0x7f44d253fd90>)>
       │       └ <class 'iati.covid_checks.CovidChecks'>
       └ <class 'iati.lookups.Lookups'>

  File "/home/runner/work/hdx-scraper-iati-viz/hdx-scraper-iati-viz/iati/covid_checks.py", line 24, in has_desired_tag
    if tag.vocabulary == "99" and tag.code.upper() == "COVID-19":
       │   │                      │   └ <property object at 0x7f44d2572b60>
       │   │                      └ <diterator.wrappers.CodedItem object at 0x7f42e95c8070>
       │   └ <property object at 0x7f44d2572bb0>
       └ <diterator.wrappers.CodedItem object at 0x7f42e95c8070>

AttributeError: 'NoneType' object has no attribute 'upper'
2022-02-26 14:32:28.803 | ERROR    | iati.activity:is_strict:78 - Activity FI-3-2020-2020201166 is_strict call failed!
Traceback (most recent call last):

  File "/home/runner/work/hdx-scraper-iati-viz/hdx-scraper-iati-viz/run.py", line 103, in <module>
    facade(
    └ <function facade at 0x7f44d253db40>

  File "/opt/hostedtoolcache/Python/3.10.2/x64/lib/python3.10/site-packages/hdx/facades/keyword_arguments.py", line 37, in facade
    projectmainfn(**kwargs)
    │               └ {'hdx_read_only': True, 'user_agent': 'hdx-scraper-iati-viz', 'preprefix': None, 'hdx_site': 'prod', 'project_config_yaml': '...
    └ <function main at 0x7f44d0126e60>

  File "/home/runner/work/hdx-scraper-iati-viz/hdx-scraper-iati-viz/run.py", line 79, in main
    start(
    └ <function start at 0x7f44d0126d40>

  File "/home/runner/work/hdx-scraper-iati-viz/hdx-scraper-iati-viz/iati/main.py", line 117, in start
    activity, skipped = Activity.get_activity(configuration, dactivity)
    │                   │        │            │              └ <diterator.wrappers.Activity object at 0x7f44a56ab640>
    │                   │        │            └ ordereddict([('hdx_prod_site', ordereddict([('url', 'https://data.humdata.org')])), ('hdx_demo_site', ordereddict([('url', 'h...
    │                   │        └ <staticmethod(<function Activity.get_activity at 0x7f44d01268c0>)>
    │                   └ <class 'iati.activity.Activity'>
    └ <iati.activity.Activity object at 0x7f44d3dbff70>

  File "/home/runner/work/hdx-scraper-iati-viz/hdx-scraper-iati-viz/iati/activity.py", line 59, in get_activity
    activity = Activity(dactivity)
               │        └ <diterator.wrappers.Activity object at 0x7f44a56ab640>
               └ <class 'iati.activity.Activity'>

  File "/home/runner/work/hdx-scraper-iati-viz/hdx-scraper-iati-viz/iati/activity.py", line 19, in __init__
    self.strict = self.is_strict()
    │             │    └ <function Activity.is_strict at 0x7f44d0126950>
    │             └ <iati.activity.Activity object at 0x7f44cf063fa0>
    └ <iati.activity.Activity object at 0x7f44cf063fa0>

> File "/home/runner/work/hdx-scraper-iati-viz/hdx-scraper-iati-viz/iati/activity.py", line 69, in is_strict
    or Lookups.checks.has_desired_tag(self.dactivity.tags)
       │       │      │               │    │         └ <property object at 0x7f44d25718f0>
       │       │      │               │    └ <diterator.wrappers.Activity object at 0x7f44a56ab640>
       │       │      │               └ <iati.activity.Activity object at 0x7f44cf063fa0>
       │       │      └ <staticmethod(<function CovidChecks.has_desired_tag at 0x7f44d253fd90>)>
       │       └ <class 'iati.covid_checks.CovidChecks'>
       └ <class 'iati.lookups.Lookups'>

  File "/home/runner/work/hdx-scraper-iati-viz/hdx-scraper-iati-viz/iati/covid_checks.py", line 24, in has_desired_tag
    if tag.vocabulary == "99" and tag.code.upper() == "COVID-19":
       │   │                      │   └ <property object at 0x7f44d2572b60>
       │   │                      └ <diterator.wrappers.CodedItem object at 0x7f42e95c9a80>
       │   └ <property object at 0x7f44d2572bb0>
       └ <diterator.wrappers.CodedItem object at 0x7f42e95c9a80>

AttributeError: 'NoneType' object has no attribute 'upper'
2022-02-26 14:32:28.810 | ERROR    | iati.activity:is_strict:78 - Activity FI-3-2020-2020201165 is_strict call failed!
Traceback (most recent call last):

  File "/home/runner/work/hdx-scraper-iati-viz/hdx-scraper-iati-viz/run.py", line 103, in <module>
    facade(
    └ <function facade at 0x7f44d253db40>

  File "/opt/hostedtoolcache/Python/3.10.2/x64/lib/python3.10/site-packages/hdx/facades/keyword_arguments.py", line 37, in facade
    projectmainfn(**kwargs)
    │               └ {'hdx_read_only': True, 'user_agent': 'hdx-scraper-iati-viz', 'preprefix': None, 'hdx_site': 'prod', 'project_config_yaml': '...
    └ <function main at 0x7f44d0126e60>

  File "/home/runner/work/hdx-scraper-iati-viz/hdx-scraper-iati-viz/run.py", line 79, in main
    start(
    └ <function start at 0x7f44d0126d40>

  File "/home/runner/work/hdx-scraper-iati-viz/hdx-scraper-iati-viz/iati/main.py", line 117, in start
    activity, skipped = Activity.get_activity(configuration, dactivity)
    │                   │        │            │              └ <diterator.wrappers.Activity object at 0x7f44a56ab5e0>
    │                   │        │            └ ordereddict([('hdx_prod_site', ordereddict([('url', 'https://data.humdata.org')])), ('hdx_demo_site', ordereddict([('url', 'h...
    │                   │        └ <staticmethod(<function Activity.get_activity at 0x7f44d01268c0>)>
    │                   └ <class 'iati.activity.Activity'>
    └ <iati.activity.Activity object at 0x7f44cf063fa0>

  File "/home/runner/work/hdx-scraper-iati-viz/hdx-scraper-iati-viz/iati/activity.py", line 59, in get_activity
    activity = Activity(dactivity)
               │        └ <diterator.wrappers.Activity object at 0x7f44a56ab5e0>
               └ <class 'iati.activity.Activity'>

  File "/home/runner/work/hdx-scraper-iati-viz/hdx-scraper-iati-viz/iati/activity.py", line 19, in __init__
    self.strict = self.is_strict()
    │             │    └ <function Activity.is_strict at 0x7f44d0126950>
    │             └ <iati.activity.Activity object at 0x7f42e95cb730>
    └ <iati.activity.Activity object at 0x7f42e95cb730>

> File "/home/runner/work/hdx-scraper-iati-viz/hdx-scraper-iati-viz/iati/activity.py", line 69, in is_strict
    or Lookups.checks.has_desired_tag(self.dactivity.tags)
       │       │      │               │    │         └ <property object at 0x7f44d25718f0>
       │       │      │               │    └ <diterator.wrappers.Activity object at 0x7f44a56ab5e0>
       │       │      │               └ <iati.activity.Activity object at 0x7f42e95cb730>
       │       │      └ <staticmethod(<function CovidChecks.has_desired_tag at 0x7f44d253fd90>)>
       │       └ <class 'iati.covid_checks.CovidChecks'>
       └ <class 'iati.lookups.Lookups'>

  File "/home/runner/work/hdx-scraper-iati-viz/hdx-scraper-iati-viz/iati/covid_checks.py", line 24, in has_desired_tag
    if tag.vocabulary == "99" and tag.code.upper() == "COVID-19":
       │   │                      │   └ <property object at 0x7f44d2572b60>
       │   │                      └ <diterator.wrappers.CodedItem object at 0x7f42e95c9a80>
       │   └ <property object at 0x7f44d2572bb0>
       └ <diterator.wrappers.CodedItem object at 0x7f42e95c9a80>

AttributeError: 'NoneType' object has no attribute 'upper'
2022-02-26 14:32:28.818 | ERROR    | iati.activity:is_strict:78 - Activity FI-3-2020-2020201160 is_strict call failed!
Traceback (most recent call last):

  File "/home/runner/work/hdx-scraper-iati-viz/hdx-scraper-iati-viz/run.py", line 103, in <module>
    facade(
    └ <function facade at 0x7f44d253db40>

  File "/opt/hostedtoolcache/Python/3.10.2/x64/lib/python3.10/site-packages/hdx/facades/keyword_arguments.py", line 37, in facade
    projectmainfn(**kwargs)
    │               └ {'hdx_read_only': True, 'user_agent': 'hdx-scraper-iati-viz', 'preprefix': None, 'hdx_site': 'prod', 'project_config_yaml': '...
    └ <function main at 0x7f44d0126e60>

  File "/home/runner/work/hdx-scraper-iati-viz/hdx-scraper-iati-viz/run.py", line 79, in main
    start(
    └ <function start at 0x7f44d0126d40>

  File "/home/runner/work/hdx-scraper-iati-viz/hdx-scraper-iati-viz/iati/main.py", line 117, in start
    activity, skipped = Activity.get_activity(configuration, dactivity)
    │                   │        │            │              └ <diterator.wrappers.Activity object at 0x7f44a56ab580>
    │                   │        │            └ ordereddict([('hdx_prod_site', ordereddict([('url', 'https://data.humdata.org')])), ('hdx_demo_site', ordereddict([('url', 'h...
    │                   │        └ <staticmethod(<function Activity.get_activity at 0x7f44d01268c0>)>
    │                   └ <class 'iati.activity.Activity'>
    └ <iati.activity.Activity object at 0x7f42e95cb730>

  File "/home/runner/work/hdx-scraper-iati-viz/hdx-scraper-iati-viz/iati/activity.py", line 59, in get_activity
    activity = Activity(dactivity)
               │        └ <diterator.wrappers.Activity object at 0x7f44a56ab580>
               └ <class 'iati.activity.Activity'>

  File "/home/runner/work/hdx-scraper-iati-viz/hdx-scraper-iati-viz/iati/activity.py", line 19, in __init__
    self.strict = self.is_strict()
    │             │    └ <function Activity.is_strict at 0x7f44d0126950>
    │             └ <iati.activity.Activity object at 0x7f44d3dbff70>
    └ <iati.activity.Activity object at 0x7f44d3dbff70>

> File "/home/runner/work/hdx-scraper-iati-viz/hdx-scraper-iati-viz/iati/activity.py", line 69, in is_strict
    or Lookups.checks.has_desired_tag(self.dactivity.tags)
       │       │      │               │    │         └ <property object at 0x7f44d25718f0>
       │       │      │               │    └ <diterator.wrappers.Activity object at 0x7f44a56ab580>
       │       │      │               └ <iati.activity.Activity object at 0x7f44d3dbff70>
       │       │      └ <staticmethod(<function CovidChecks.has_desired_tag at 0x7f44d253fd90>)>
       │       └ <class 'iati.covid_checks.CovidChecks'>
       └ <class 'iati.lookups.Lookups'>

  File "/home/runner/work/hdx-scraper-iati-viz/hdx-scraper-iati-viz/iati/covid_checks.py", line 24, in has_desired_tag
    if tag.vocabulary == "99" and tag.code.upper() == "COVID-19":
       │   │                      │   └ <property object at 0x7f44d2572b60>
       │   │                      └ <diterator.wrappers.CodedItem object at 0x7f42e95c9870>
       │   └ <property object at 0x7f44d2572bb0>
       └ <diterator.wrappers.CodedItem object at 0x7f42e95c9870>

AttributeError: 'NoneType' object has no attribute 'upper'
2022-02-26 14:32:28.828 | ERROR    | iati.activity:is_strict:78 - Activity FI-3-2020-2020200801 is_strict call failed!
Traceback (most recent call last):

  File "/home/runner/work/hdx-scraper-iati-viz/hdx-scraper-iati-viz/run.py", line 103, in <module>
    facade(
    └ <function facade at 0x7f44d253db40>

  File "/opt/hostedtoolcache/Python/3.10.2/x64/lib/python3.10/site-packages/hdx/facades/keyword_arguments.py", line 37, in facade
    projectmainfn(**kwargs)
    │               └ {'hdx_read_only': True, 'user_agent': 'hdx-scraper-iati-viz', 'preprefix': None, 'hdx_site': 'prod', 'project_config_yaml': '...
    └ <function main at 0x7f44d0126e60>

  File "/home/runner/work/hdx-scraper-iati-viz/hdx-scraper-iati-viz/run.py", line 79, in main
    start(
    └ <function start at 0x7f44d0126d40>

  File "/home/runner/work/hdx-scraper-iati-viz/hdx-scraper-iati-viz/iati/main.py", line 117, in start
    activity, skipped = Activity.get_activity(configuration, dactivity)
    │                   │        │            │              └ <diterator.wrappers.Activity object at 0x7f44a56ab520>
    │                   │        │            └ ordereddict([('hdx_prod_site', ordereddict([('url', 'https://data.humdata.org')])), ('hdx_demo_site', ordereddict([('url', 'h...
    │                   │        └ <staticmethod(<function Activity.get_activity at 0x7f44d01268c0>)>
    │                   └ <class 'iati.activity.Activity'>
    └ <iati.activity.Activity object at 0x7f44d3dbff70>

  File "/home/runner/work/hdx-scraper-iati-viz/hdx-scraper-iati-viz/iati/activity.py", line 59, in get_activity
    activity = Activity(dactivity)
               │        └ <diterator.wrappers.Activity object at 0x7f44a56ab520>
               └ <class 'iati.activity.Activity'>

  File "/home/runner/work/hdx-scraper-iati-viz/hdx-scraper-iati-viz/iati/activity.py", line 19, in __init__
    self.strict = self.is_strict()
    │             │    └ <function Activity.is_strict at 0x7f44d0126950>
    │             └ <iati.activity.Activity object at 0x7f44cf063fa0>
    └ <iati.activity.Activity object at 0x7f44cf063fa0>

> File "/home/runner/work/hdx-scraper-iati-viz/hdx-scraper-iati-viz/iati/activity.py", line 69, in is_strict
    or Lookups.checks.has_desired_tag(self.dactivity.tags)
       │       │      │               │    │         └ <property object at 0x7f44d25718f0>
       │       │      │               │    └ <diterator.wrappers.Activity object at 0x7f44a56ab520>
       │       │      │               └ <iati.activity.Activity object at 0x7f44cf063fa0>
       │       │      └ <staticmethod(<function CovidChecks.has_desired_tag at 0x7f44d253fd90>)>
       │       └ <class 'iati.covid_checks.CovidChecks'>
       └ <class 'iati.lookups.Lookups'>

  File "/home/runner/work/hdx-scraper-iati-viz/hdx-scraper-iati-viz/iati/covid_checks.py", line 24, in has_desired_tag
    if tag.vocabulary == "99" and tag.code.upper() == "COVID-19":
       │   │                      │   └ <property object at 0x7f44d2572b60>
       │   │                      └ <diterator.wrappers.CodedItem object at 0x7f42e95caf20>
       │   └ <property object at 0x7f44d2572bb0>
       └ <diterator.wrappers.CodedItem object at 0x7f42e95caf20>

AttributeError: 'NoneType' object has no attribute 'upper'
2022-02-26 14:32:30.873 | ERROR    | iati.activity:is_strict:78 - Activity FI-3-2020-2019191455 is_strict call failed!
Traceback (most recent call last):

  File "/home/runner/work/hdx-scraper-iati-viz/hdx-scraper-iati-viz/run.py", line 103, in <module>
    facade(
    └ <function facade at 0x7f44d253db40>

  File "/opt/hostedtoolcache/Python/3.10.2/x64/lib/python3.10/site-packages/hdx/facades/keyword_arguments.py", line 37, in facade
    projectmainfn(**kwargs)
    │               └ {'hdx_read_only': True, 'user_agent': 'hdx-scraper-iati-viz', 'preprefix': None, 'hdx_site': 'prod', 'project_config_yaml': '...
    └ <function main at 0x7f44d0126e60>

  File "/home/runner/work/hdx-scraper-iati-viz/hdx-scraper-iati-viz/run.py", line 79, in main
    start(
    └ <function start at 0x7f44d0126d40>

  File "/home/runner/work/hdx-scraper-iati-viz/hdx-scraper-iati-viz/iati/main.py", line 117, in start
    activity, skipped = Activity.get_activity(configuration, dactivity)
    │                   │        │            │              └ <diterator.wrappers.Activity object at 0x7f44a56ab400>
    │                   │        │            └ ordereddict([('hdx_prod_site', ordereddict([('url', 'https://data.humdata.org')])), ('hdx_demo_site', ordereddict([('url', 'h...
    │                   │        └ <staticmethod(<function Activity.get_activity at 0x7f44d01268c0>)>
    │                   └ <class 'iati.activity.Activity'>
    └ <iati.activity.Activity object at 0x7f44cf063fa0>

  File "/home/runner/work/hdx-scraper-iati-viz/hdx-scraper-iati-viz/iati/activity.py", line 59, in get_activity
    activity = Activity(dactivity)
               │        └ <diterator.wrappers.Activity object at 0x7f44a56ab400>
               └ <class 'iati.activity.Activity'>

  File "/home/runner/work/hdx-scraper-iati-viz/hdx-scraper-iati-viz/iati/activity.py", line 19, in __init__
    self.strict = self.is_strict()
    │             │    └ <function Activity.is_strict at 0x7f44d0126950>
    │             └ <iati.activity.Activity object at 0x7f44cf093fd0>
    └ <iati.activity.Activity object at 0x7f44cf093fd0>

> File "/home/runner/work/hdx-scraper-iati-viz/hdx-scraper-iati-viz/iati/activity.py", line 69, in is_strict
    or Lookups.checks.has_desired_tag(self.dactivity.tags)
       │       │      │               │    │         └ <property object at 0x7f44d25718f0>
       │       │      │               │    └ <diterator.wrappers.Activity object at 0x7f44a56ab400>
       │       │      │               └ <iati.activity.Activity object at 0x7f44cf093fd0>
       │       │      └ <staticmethod(<function CovidChecks.has_desired_tag at 0x7f44d253fd90>)>
       │       └ <class 'iati.covid_checks.CovidChecks'>
       └ <class 'iati.lookups.Lookups'>

  File "/home/runner/work/hdx-scraper-iati-viz/hdx-scraper-iati-viz/iati/covid_checks.py", line 24, in has_desired_tag
    if tag.vocabulary == "99" and tag.code.upper() == "COVID-19":
       │   │                      │   └ <property object at 0x7f44d2572b60>
       │   │                      └ <diterator.wrappers.CodedItem object at 0x7f44cf090820>
       │   └ <property object at 0x7f44d2572bb0>
       └ <diterator.wrappers.CodedItem object at 0x7f44cf090820>

AttributeError: 'NoneType' object has no attribute 'upper'
2022-02-26 14:32:30.881 | ERROR    | iati.activity:is_strict:78 - Activity FI-3-2020-2019191454 is_strict call failed!
Traceback (most recent call last):

  File "/home/runner/work/hdx-scraper-iati-viz/hdx-scraper-iati-viz/run.py", line 103, in <module>
    facade(
    └ <function facade at 0x7f44d253db40>

  File "/opt/hostedtoolcache/Python/3.10.2/x64/lib/python3.10/site-packages/hdx/facades/keyword_arguments.py", line 37, in facade
    projectmainfn(**kwargs)
    │               └ {'hdx_read_only': True, 'user_agent': 'hdx-scraper-iati-viz', 'preprefix': None, 'hdx_site': 'prod', 'project_config_yaml': '...
    └ <function main at 0x7f44d0126e60>

  File "/home/runner/work/hdx-scraper-iati-viz/hdx-scraper-iati-viz/run.py", line 79, in main
    start(
    └ <function start at 0x7f44d0126d40>

  File "/home/runner/work/hdx-scraper-iati-viz/hdx-scraper-iati-viz/iati/main.py", line 117, in start
    activity, skipped = Activity.get_activity(configuration, dactivity)
    │                   │        │            │              └ <diterator.wrappers.Activity object at 0x7f44a56ab3a0>
    │                   │        │            └ ordereddict([('hdx_prod_site', ordereddict([('url', 'https://data.humdata.org')])), ('hdx_demo_site', ordereddict([('url', 'h...
    │                   │        └ <staticmethod(<function Activity.get_activity at 0x7f44d01268c0>)>
    │                   └ <class 'iati.activity.Activity'>
    └ <iati.activity.Activity object at 0x7f44cf093fd0>

  File "/home/runner/work/hdx-scraper-iati-viz/hdx-scraper-iati-viz/iati/activity.py", line 59, in get_activity
    activity = Activity(dactivity)
               │        └ <diterator.wrappers.Activity object at 0x7f44a56ab3a0>
               └ <class 'iati.activity.Activity'>

  File "/home/runner/work/hdx-scraper-iati-viz/hdx-scraper-iati-viz/iati/activity.py", line 19, in __init__
    self.strict = self.is_strict()
    │             │    └ <function Activity.is_strict at 0x7f44d0126950>
    │             └ <iati.activity.Activity object at 0x7f44d3dbff70>
    └ <iati.activity.Activity object at 0x7f44d3dbff70>

> File "/home/runner/work/hdx-scraper-iati-viz/hdx-scraper-iati-viz/iati/activity.py", line 69, in is_strict
    or Lookups.checks.has_desired_tag(self.dactivity.tags)
       │       │      │               │    │         └ <property object at 0x7f44d25718f0>
       │       │      │               │    └ <diterator.wrappers.Activity object at 0x7f44a56ab3a0>
       │       │      │               └ <iati.activity.Activity object at 0x7f44d3dbff70>
       │       │      └ <staticmethod(<function CovidChecks.has_desired_tag at 0x7f44d253fd90>)>
       │       └ <class 'iati.covid_checks.CovidChecks'>
       └ <class 'iati.lookups.Lookups'>

  File "/home/runner/work/hdx-scraper-iati-viz/hdx-scraper-iati-viz/iati/covid_checks.py", line 24, in has_desired_tag
    if tag.vocabulary == "99" and tag.code.upper() == "COVID-19":
       │   │                      │   └ <property object at 0x7f44d2572b60>
       │   │                      └ <diterator.wrappers.CodedItem object at 0x7f44cf0904f0>
       │   └ <property object at 0x7f44d2572bb0>
       └ <diterator.wrappers.CodedItem object at 0x7f44cf0904f0>

AttributeError: 'NoneType' object has no attribute 'upper'
2022-02-26 14:32:30.889 | ERROR    | iati.activity:is_strict:78 - Activity FI-3-2020-2019191453 is_strict call failed!
Traceback (most recent call last):

  File "/home/runner/work/hdx-scraper-iati-viz/hdx-scraper-iati-viz/run.py", line 103, in <module>
    facade(
    └ <function facade at 0x7f44d253db40>

  File "/opt/hostedtoolcache/Python/3.10.2/x64/lib/python3.10/site-packages/hdx/facades/keyword_arguments.py", line 37, in facade
    projectmainfn(**kwargs)
    │               └ {'hdx_read_only': True, 'user_agent': 'hdx-scraper-iati-viz', 'preprefix': None, 'hdx_site': 'prod', 'project_config_yaml': '...
    └ <function main at 0x7f44d0126e60>

  File "/home/runner/work/hdx-scraper-iati-viz/hdx-scraper-iati-viz/run.py", line 79, in main
    start(
    └ <function start at 0x7f44d0126d40>

  File "/home/runner/work/hdx-scraper-iati-viz/hdx-scraper-iati-viz/iati/main.py", line 117, in start
    activity, skipped = Activity.get_activity(configuration, dactivity)
    │                   │        │            │              └ <diterator.wrappers.Activity object at 0x7f44a56ab340>
    │                   │        │            └ ordereddict([('hdx_prod_site', ordereddict([('url', 'https://data.humdata.org')])), ('hdx_demo_site', ordereddict([('url', 'h...
    │                   │        └ <staticmethod(<function Activity.get_activity at 0x7f44d01268c0>)>
    │                   └ <class 'iati.activity.Activity'>
    └ <iati.activity.Activity object at 0x7f44d3dbff70>

  File "/home/runner/work/hdx-scraper-iati-viz/hdx-scraper-iati-viz/iati/activity.py", line 59, in get_activity
    activity = Activity(dactivity)
               │        └ <diterator.wrappers.Activity object at 0x7f44a56ab340>
               └ <class 'iati.activity.Activity'>

  File "/home/runner/work/hdx-scraper-iati-viz/hdx-scraper-iati-viz/iati/activity.py", line 19, in __init__
    self.strict = self.is_strict()
    │             │    └ <function Activity.is_strict at 0x7f44d0126950>
    │             └ <iati.activity.Activity object at 0x7f44cf063fa0>
    └ <iati.activity.Activity object at 0x7f44cf063fa0>

> File "/home/runner/work/hdx-scraper-iati-viz/hdx-scraper-iati-viz/iati/activity.py", line 69, in is_strict
    or Lookups.checks.has_desired_tag(self.dactivity.tags)
       │       │      │               │    │         └ <property object at 0x7f44d25718f0>
       │       │      │               │    └ <diterator.wrappers.Activity object at 0x7f44a56ab340>
       │       │      │               └ <iati.activity.Activity object at 0x7f44cf063fa0>
       │       │      └ <staticmethod(<function CovidChecks.has_desired_tag at 0x7f44d253fd90>)>
       │       └ <class 'iati.covid_checks.CovidChecks'>
       └ <class 'iati.lookups.Lookups'>

  File "/home/runner/work/hdx-scraper-iati-viz/hdx-scraper-iati-viz/iati/covid_checks.py", line 24, in has_desired_tag
    if tag.vocabulary == "99" and tag.code.upper() == "COVID-19":
       │   │                      │   └ <property object at 0x7f44d2572b60>
       │   │                      └ <diterator.wrappers.CodedItem object at 0x7f42e9645e70>
       │   └ <property object at 0x7f44d2572bb0>
       └ <diterator.wrappers.CodedItem object at 0x7f42e9645e70>

AttributeError: 'NoneType' object has no attribute 'upper'
2022-02-26 14:32:30.897 | ERROR    | iati.activity:is_strict:78 - Activity FI-3-2020-2019191451 is_strict call failed!
Traceback (most recent call last):

  File "/home/runner/work/hdx-scraper-iati-viz/hdx-scraper-iati-viz/run.py", line 103, in <module>
    facade(
    └ <function facade at 0x7f44d253db40>

  File "/opt/hostedtoolcache/Python/3.10.2/x64/lib/python3.10/site-packages/hdx/facades/keyword_arguments.py", line 37, in facade
    projectmainfn(**kwargs)
    │               └ {'hdx_read_only': True, 'user_agent': 'hdx-scraper-iati-viz', 'preprefix': None, 'hdx_site': 'prod', 'project_config_yaml': '...
    └ <function main at 0x7f44d0126e60>

  File "/home/runner/work/hdx-scraper-iati-viz/hdx-scraper-iati-viz/run.py", line 79, in main
    start(
    └ <function start at 0x7f44d0126d40>

  File "/home/runner/work/hdx-scraper-iati-viz/hdx-scraper-iati-viz/iati/main.py", line 117, in start
    activity, skipped = Activity.get_activity(configuration, dactivity)
    │                   │        │            │              └ <diterator.wrappers.Activity object at 0x7f44a56ab2e0>
    │                   │        │            └ ordereddict([('hdx_prod_site', ordereddict([('url', 'https://data.humdata.org')])), ('hdx_demo_site', ordereddict([('url', 'h...
    │                   │        └ <staticmethod(<function Activity.get_activity at 0x7f44d01268c0>)>
    │                   └ <class 'iati.activity.Activity'>
    └ <iati.activity.Activity object at 0x7f44cf063fa0>

  File "/home/runner/work/hdx-scraper-iati-viz/hdx-scraper-iati-viz/iati/activity.py", line 59, in get_activity
    activity = Activity(dactivity)
               │        └ <diterator.wrappers.Activity object at 0x7f44a56ab2e0>
               └ <class 'iati.activity.Activity'>

  File "/home/runner/work/hdx-scraper-iati-viz/hdx-scraper-iati-viz/iati/activity.py", line 19, in __init__
    self.strict = self.is_strict()
    │             │    └ <function Activity.is_strict at 0x7f44d0126950>
    │             └ <iati.activity.Activity object at 0x7f42e9645060>
    └ <iati.activity.Activity object at 0x7f42e9645060>

> File "/home/runner/work/hdx-scraper-iati-viz/hdx-scraper-iati-viz/iati/activity.py", line 69, in is_strict
    or Lookups.checks.has_desired_tag(self.dactivity.tags)
       │       │      │               │    │         └ <property object at 0x7f44d25718f0>
       │       │      │               │    └ <diterator.wrappers.Activity object at 0x7f44a56ab2e0>
       │       │      │               └ <iati.activity.Activity object at 0x7f42e9645060>
       │       │      └ <staticmethod(<function CovidChecks.has_desired_tag at 0x7f44d253fd90>)>
       │       └ <class 'iati.covid_checks.CovidChecks'>
       └ <class 'iati.lookups.Lookups'>

  File "/home/runner/work/hdx-scraper-iati-viz/hdx-scraper-iati-viz/iati/covid_checks.py", line 24, in has_desired_tag
    if tag.vocabulary == "99" and tag.code.upper() == "COVID-19":
       │   │                      │   └ <property object at 0x7f44d2572b60>
       │   │                      └ <diterator.wrappers.CodedItem object at 0x7f42e9645e70>
       │   └ <property object at 0x7f44d2572bb0>
       └ <diterator.wrappers.CodedItem object at 0x7f42e9645e70>

AttributeError: 'NoneType' object has no attribute 'upper'
2022-02-26 14:32:30.905 | ERROR    | iati.activity:is_strict:78 - Activity FI-3-2020-2019191448 is_strict call failed!
Traceback (most recent call last):

  File "/home/runner/work/hdx-scraper-iati-viz/hdx-scraper-iati-viz/run.py", line 103, in <module>
    facade(
    └ <function facade at 0x7f44d253db40>

  File "/opt/hostedtoolcache/Python/3.10.2/x64/lib/python3.10/site-packages/hdx/facades/keyword_arguments.py", line 37, in facade
    projectmainfn(**kwargs)
    │               └ {'hdx_read_only': True, 'user_agent': 'hdx-scraper-iati-viz', 'preprefix': None, 'hdx_site': 'prod', 'project_config_yaml': '...
    └ <function main at 0x7f44d0126e60>

  File "/home/runner/work/hdx-scraper-iati-viz/hdx-scraper-iati-viz/run.py", line 79, in main
    start(
    └ <function start at 0x7f44d0126d40>

  File "/home/runner/work/hdx-scraper-iati-viz/hdx-scraper-iati-viz/iati/main.py", line 117, in start
    activity, skipped = Activity.get_activity(configuration, dactivity)
    │                   │        │            │              └ <diterator.wrappers.Activity object at 0x7f44a56ab280>
    │                   │        │            └ ordereddict([('hdx_prod_site', ordereddict([('url', 'https://data.humdata.org')])), ('hdx_demo_site', ordereddict([('url', 'h...
    │                   │        └ <staticmethod(<function Activity.get_activity at 0x7f44d01268c0>)>
    │                   └ <class 'iati.activity.Activity'>
    └ <iati.activity.Activity object at 0x7f42e9645060>

  File "/home/runner/work/hdx-scraper-iati-viz/hdx-scraper-iati-viz/iati/activity.py", line 59, in get_activity
    activity = Activity(dactivity)
               │        └ <diterator.wrappers.Activity object at 0x7f44a56ab280>
               └ <class 'iati.activity.Activity'>

  File "/home/runner/work/hdx-scraper-iati-viz/hdx-scraper-iati-viz/iati/activity.py", line 19, in __init__
    self.strict = self.is_strict()
    │             │    └ <function Activity.is_strict at 0x7f44d0126950>
    │             └ <iati.activity.Activity object at 0x7f44d3dbff70>
    └ <iati.activity.Activity object at 0x7f44d3dbff70>

> File "/home/runner/work/hdx-scraper-iati-viz/hdx-scraper-iati-viz/iati/activity.py", line 69, in is_strict
    or Lookups.checks.has_desired_tag(self.dactivity.tags)
       │       │      │               │    │         └ <property object at 0x7f44d25718f0>
       │       │      │               │    └ <diterator.wrappers.Activity object at 0x7f44a56ab280>
       │       │      │               └ <iati.activity.Activity object at 0x7f44d3dbff70>
       │       │      └ <staticmethod(<function CovidChecks.has_desired_tag at 0x7f44d253fd90>)>
       │       └ <class 'iati.covid_checks.CovidChecks'>
       └ <class 'iati.lookups.Lookups'>

  File "/home/runner/work/hdx-scraper-iati-viz/hdx-scraper-iati-viz/iati/covid_checks.py", line 24, in has_desired_tag
    if tag.vocabulary == "99" and tag.code.upper() == "COVID-19":
       │   │                      │   └ <property object at 0x7f44d2572b60>
       │   │                      └ <diterator.wrappers.CodedItem object at 0x7f42e9647340>
       │   └ <property object at 0x7f44d2572bb0>
       └ <diterator.wrappers.CodedItem object at 0x7f42e9647340>

AttributeError: 'NoneType' object has no attribute 'upper'
2022-02-26 14:32:30.912 | ERROR    | iati.activity:is_strict:78 - Activity FI-3-2020-2019191446 is_strict call failed!
Traceback (most recent call last):

  File "/home/runner/work/hdx-scraper-iati-viz/hdx-scraper-iati-viz/run.py", line 103, in <module>
    facade(
    └ <function facade at 0x7f44d253db40>

  File "/opt/hostedtoolcache/Python/3.10.2/x64/lib/python3.10/site-packages/hdx/facades/keyword_arguments.py", line 37, in facade
    projectmainfn(**kwargs)
    │               └ {'hdx_read_only': True, 'user_agent': 'hdx-scraper-iati-viz', 'preprefix': None, 'hdx_site': 'prod', 'project_config_yaml': '...
    └ <function main at 0x7f44d0126e60>

  File "/home/runner/work/hdx-scraper-iati-viz/hdx-scraper-iati-viz/run.py", line 79, in main
    start(
    └ <function start at 0x7f44d0126d40>

  File "/home/runner/work/hdx-scraper-iati-viz/hdx-scraper-iati-viz/iati/main.py", line 117, in start
    activity, skipped = Activity.get_activity(configuration, dactivity)
    │                   │        │            │              └ <diterator.wrappers.Activity object at 0x7f44a56ab220>
    │                   │        │            └ ordereddict([('hdx_prod_site', ordereddict([('url', 'https://data.humdata.org')])), ('hdx_demo_site', ordereddict([('url', 'h...
    │                   │        └ <staticmethod(<function Activity.get_activity at 0x7f44d01268c0>)>
    │                   └ <class 'iati.activity.Activity'>
    └ <iati.activity.Activity object at 0x7f44d3dbff70>

  File "/home/runner/work/hdx-scraper-iati-viz/hdx-scraper-iati-viz/iati/activity.py", line 59, in get_activity
    activity = Activity(dactivity)
               │        └ <diterator.wrappers.Activity object at 0x7f44a56ab220>
               └ <class 'iati.activity.Activity'>

  File "/home/runner/work/hdx-scraper-iati-viz/hdx-scraper-iati-viz/iati/activity.py", line 19, in __init__
    self.strict = self.is_strict()
    │             │    └ <function Activity.is_strict at 0x7f44d0126950>
    │             └ <iati.activity.Activity object at 0x7f44cf063fa0>
    └ <iati.activity.Activity object at 0x7f44cf063fa0>

> File "/home/runner/work/hdx-scraper-iati-viz/hdx-scraper-iati-viz/iati/activity.py", line 69, in is_strict
    or Lookups.checks.has_desired_tag(self.dactivity.tags)
       │       │      │               │    │         └ <property object at 0x7f44d25718f0>
       │       │      │               │    └ <diterator.wrappers.Activity object at 0x7f44a56ab220>
       │       │      │               └ <iati.activity.Activity object at 0x7f44cf063fa0>
       │       │      └ <staticmethod(<function CovidChecks.has_desired_tag at 0x7f44d253fd90>)>
       │       └ <class 'iati.covid_checks.CovidChecks'>
       └ <class 'iati.lookups.Lookups'>

  File "/home/runner/work/hdx-scraper-iati-viz/hdx-scraper-iati-viz/iati/covid_checks.py", line 24, in has_desired_tag
    if tag.vocabulary == "99" and tag.code.upper() == "COVID-19":
       │   │                      │   └ <property object at 0x7f44d2572b60>
       │   │                      └ <diterator.wrappers.CodedItem object at 0x7f42e9644400>
       │   └ <property object at 0x7f44d2572bb0>
       └ <diterator.wrappers.CodedItem object at 0x7f42e9644400>

AttributeError: 'NoneType' object has no attribute 'upper'
